Using pre-set license
Built from '2022.3/staging' branch; Version is '2022.3.19f1 (244b723c30a6) revision 2378610'; Using compiler version '192829333'; Build Type 'Release'
OS: 'Windows 11  (10.0.22631) 64bit Professional' Language: 'es' Physical Memory: 16215 MB
BatchMode: 1, IsHumanControllingUs: 0, StartBugReporterOnCrash: 0, Is64bit: 1, IsPro: 1

COMMAND LINE ARGUMENTS:
D:\Program Files\Unity\Hub\Editor\2022.3.19f1\Editor\Unity.exe
-adb2
-batchMode
-noUpm
-name
AssetImportWorker0
-projectPath
D:/WilsonFTovar/OneDrive/Documents/GitHub/MazeRunner-WilsonFTovar/ProyectoFinal
-logFile
Logs/AssetImportWorker0.log
-srvPort
61285
Successfully changed project path to: D:/WilsonFTovar/OneDrive/Documents/GitHub/MazeRunner-WilsonFTovar/ProyectoFinal
D:/WilsonFTovar/OneDrive/Documents/GitHub/MazeRunner-WilsonFTovar/ProyectoFinal
[UnityMemory] Configuration Parameters - Can be set up in boot.config
    "memorysetup-bucket-allocator-granularity=16"
    "memorysetup-bucket-allocator-bucket-count=8"
    "memorysetup-bucket-allocator-block-size=33554432"
    "memorysetup-bucket-allocator-block-count=8"
    "memorysetup-main-allocator-block-size=16777216"
    "memorysetup-thread-allocator-block-size=16777216"
    "memorysetup-gfx-main-allocator-block-size=16777216"
    "memorysetup-gfx-thread-allocator-block-size=16777216"
    "memorysetup-cache-allocator-block-size=4194304"
    "memorysetup-typetree-allocator-block-size=2097152"
    "memorysetup-profiler-bucket-allocator-granularity=16"
    "memorysetup-profiler-bucket-allocator-bucket-count=8"
    "memorysetup-profiler-bucket-allocator-block-size=33554432"
    "memorysetup-profiler-bucket-allocator-block-count=8"
    "memorysetup-profiler-allocator-block-size=16777216"
    "memorysetup-profiler-editor-allocator-block-size=1048576"
    "memorysetup-temp-allocator-size-main=16777216"
    "memorysetup-job-temp-allocator-block-size=2097152"
    "memorysetup-job-temp-allocator-block-size-background=1048576"
    "memorysetup-job-temp-allocator-reduction-small-platforms=262144"
    "memorysetup-allocator-temp-initial-block-size-main=262144"
    "memorysetup-allocator-temp-initial-block-size-worker=262144"
    "memorysetup-temp-allocator-size-background-worker=32768"
    "memorysetup-temp-allocator-size-job-worker=262144"
    "memorysetup-temp-allocator-size-preload-manager=33554432"
    "memorysetup-temp-allocator-size-nav-mesh-worker=65536"
    "memorysetup-temp-allocator-size-audio-worker=65536"
    "memorysetup-temp-allocator-size-cloud-worker=32768"
    "memorysetup-temp-allocator-size-gi-baking-worker=262144"
    "memorysetup-temp-allocator-size-gfx=262144"
Player connection [11956] Host "[IP] 192.168.31.92 [Port] 0 [Flags] 2 [Guid] 1708629962 [EditorId] 1708629962 [Version] 1048832 [Id] WindowsEditor(7,WilsonFTovar) [Debug] 1 [PackageName] WindowsEditor [ProjectName] Editor" joined multi-casting on [225.0.0.222:54997]...

Player connection [11956] Host "[IP] 192.168.31.92 [Port] 0 [Flags] 2 [Guid] 1708629962 [EditorId] 1708629962 [Version] 1048832 [Id] WindowsEditor(7,WilsonFTovar) [Debug] 1 [PackageName] WindowsEditor [ProjectName] Editor" joined alternative multi-casting on [225.0.0.222:34997]...

[Physics::Module] Initialized MultithreadedJobDispatcher with 7 workers.
Refreshing native plugins compatible for Editor in 17.35 ms, found 3 plugins.
Preloading 0 native plugins for Editor in 0.00 ms.
Initialize engine version: 2022.3.19f1 (244b723c30a6)
[Subsystems] Discovering subsystems at path D:/Program Files/Unity/Hub/Editor/2022.3.19f1/Editor/Data/Resources/UnitySubsystems
[Subsystems] Discovering subsystems at path D:/WilsonFTovar/OneDrive/Documents/GitHub/MazeRunner-WilsonFTovar/ProyectoFinal/Assets
GfxDevice: creating device client; threaded=0; jobified=0
Direct3D:
    Version:  Direct3D 11.0 [level 11.1]
    Renderer: NVIDIA GeForce GTX 1650 (ID=0x1f99)
    Vendor:   NVIDIA
    VRAM:     3950 MB
    Driver:   31.0.15.4629
Initialize mono
Mono path[0] = 'D:/Program Files/Unity/Hub/Editor/2022.3.19f1/Editor/Data/Managed'
Mono path[1] = 'D:/Program Files/Unity/Hub/Editor/2022.3.19f1/Editor/Data/MonoBleedingEdge/lib/mono/unityjit-win32'
Mono config path = 'D:/Program Files/Unity/Hub/Editor/2022.3.19f1/Editor/Data/MonoBleedingEdge/etc'
Using monoOptions --debugger-agent=transport=dt_socket,embedding=1,server=y,suspend=n,address=127.0.0.1:56180
Begin MonoManager ReloadAssembly
Registering precompiled unity dll's ...
Register platform support module: D:/Program Files/Unity/Hub/Editor/2022.3.19f1/Editor/Data/PlaybackEngines/WebGLSupport/UnityEditor.WebGL.Extensions.dll
Register platform support module: D:/Program Files/Unity/Hub/Editor/2022.3.19f1/Editor/Data/PlaybackEngines/WindowsStandaloneSupport/UnityEditor.WindowsStandalone.Extensions.dll
Registered in 0.027257 seconds.
- Loaded All Assemblies, in  0.603 seconds
Native extension for WindowsStandalone target not found
Native extension for WebGL target not found
Mono: successfully reloaded assembly
- Finished resetting the current domain, in  0.446 seconds
Domain Reload Profiling: 1041ms
	BeginReloadAssembly (158ms)
		ExecutionOrderSort (0ms)
		DisableScriptedObjects (0ms)
		BackupInstance (0ms)
		ReleaseScriptingObjects (0ms)
		CreateAndSetChildDomain (1ms)
	RebuildCommonClasses (47ms)
	RebuildNativeTypeToScriptingClass (13ms)
	initialDomainReloadingComplete (126ms)
	LoadAllAssembliesAndSetupDomain (250ms)
		LoadAssemblies (155ms)
		RebuildTransferFunctionScriptingTraits (0ms)
		AnalyzeDomain (246ms)
			TypeCache.Refresh (244ms)
				TypeCache.ScanAssembly (217ms)
			ScanForSourceGeneratedMonoScriptInfo (1ms)
			ResolveRequiredComponents (1ms)
	FinalizeReload (446ms)
		ReleaseScriptCaches (0ms)
		RebuildScriptCaches (0ms)
		SetupLoadedEditorAssemblies (341ms)
			LogAssemblyErrors (0ms)
			InitializePlatformSupportModulesInManaged (20ms)
			SetLoadedEditorAssemblies (7ms)
			RefreshPlugins (0ms)
			BeforeProcessingInitializeOnLoad (3ms)
			ProcessInitializeOnLoadAttributes (239ms)
			ProcessInitializeOnLoadMethodAttributes (72ms)
			AfterProcessingInitializeOnLoad (0ms)
			EditorAssembliesLoaded (0ms)
		ExecutionOrderSort2 (0ms)
		AwakeInstancesAfterBackupRestoration (0ms)
========================================================================
Worker process is ready to serve import requests
Begin MonoManager ReloadAssembly
- Loaded All Assemblies, in  0.930 seconds
Refreshing native plugins compatible for Editor in 7.31 ms, found 3 plugins.
Native extension for WindowsStandalone target not found
Native extension for WebGL target not found
Package Manager log level set to [2]
[Package Manager] Server::EnsureServerProcessIsRunning -- launch failed, reason: Unity was launched with the -noUpm command-line argument
[Package Manager] UpmClient::Send -- Unable to send message (not connected to UPM process).
[Package Manager] Cannot connect to Unity Package Manager local server
Mono: successfully reloaded assembly
- Finished resetting the current domain, in  0.707 seconds
Domain Reload Profiling: 1628ms
	BeginReloadAssembly (221ms)
		ExecutionOrderSort (0ms)
		DisableScriptedObjects (8ms)
		BackupInstance (0ms)
		ReleaseScriptingObjects (0ms)
		CreateAndSetChildDomain (31ms)
	RebuildCommonClasses (56ms)
	RebuildNativeTypeToScriptingClass (12ms)
	initialDomainReloadingComplete (67ms)
	LoadAllAssembliesAndSetupDomain (564ms)
		LoadAssemblies (470ms)
		RebuildTransferFunctionScriptingTraits (0ms)
		AnalyzeDomain (229ms)
			TypeCache.Refresh (203ms)
				TypeCache.ScanAssembly (184ms)
			ScanForSourceGeneratedMonoScriptInfo (18ms)
			ResolveRequiredComponents (7ms)
	FinalizeReload (708ms)
		ReleaseScriptCaches (0ms)
		RebuildScriptCaches (0ms)
		SetupLoadedEditorAssemblies (530ms)
			LogAssemblyErrors (0ms)
			InitializePlatformSupportModulesInManaged (14ms)
			SetLoadedEditorAssemblies (5ms)
			RefreshPlugins (0ms)
			BeforeProcessingInitializeOnLoad (92ms)
			ProcessInitializeOnLoadAttributes (375ms)
			ProcessInitializeOnLoadMethodAttributes (26ms)
			AfterProcessingInitializeOnLoad (18ms)
			EditorAssembliesLoaded (0ms)
		ExecutionOrderSort2 (0ms)
		AwakeInstancesAfterBackupRestoration (8ms)
Launched and connected shader compiler UnityShaderCompiler.exe after 0.04 seconds
Refreshing native plugins compatible for Editor in 8.29 ms, found 3 plugins.
Preloading 0 native plugins for Editor in 0.00 ms.
Unloading 3191 Unused Serialized files (Serialized files now loaded: 0)
Unloading 32 unused Assets / (57.3 KB). Loaded Objects now: 3660.
Memory consumption went from 131.6 MB to 131.6 MB.
Total: 4.145800 ms (FindLiveObjects: 0.283000 ms CreateObjectMapping: 0.340900 ms MarkObjects: 3.368500 ms  DeleteObjects: 0.152000 ms)

AssetImportParameters requested are different than current active one (requested -> active):
  custom:container-demuxer-ogg: 62fdf1f143b41e24485cea50d1cbac27 -> 
  custom:video-decoder-ogg-theora: a1e56fd34408186e4bbccfd4996cb3dc -> 
  custom:framework-win-MediaFoundation: 216162199b28c13a410421893ffa2e32 -> 
  custom:CustomObjectIndexerAttribute: 6d391050e5a25f67b0a2c618074f2cd9 -> 
  custom:container-demuxer-webm: 4f35f7cbe854078d1ac9338744f61a02 -> 
  custom:container-muxer-webm: aa71ff27fc2769a1b78a27578f13a17b -> 
  custom:video-decoder-webm-vp8: 9c59270c3fd7afecdb556c50c9e8de78 -> 
  custom:SearchIndexIgnoredProperties: e643bd26f0fe6173181afceb89e7c659 -> 
  custom:AudioImporter_EditorPlatform: d09bf68614088b80899f8185d706f6e7 -> 
  custom:video-encoder-webm-vp8: eb34c28f22e8b96e1ab97ce403110664 -> 
  custom:audio-decoder-ogg-vorbis: bf7c407c2cedff20999df2af8eb42d56 -> 
  custom:audio-encoder-webm-vorbis: bf7c407c2cedff20999df2af8eb42d56 -> 
========================================================================
Received Import Request.
  Time since last request: 539366.475331 seconds.
  path: Assets/Personaje/Zombie/Ch44_nonPBR.fbx
  artifactKey: Guid(459a69de919530749af12280ef830292) Importer(815301076,1909f56bfc062723c751e8b465ee728b)
Start importing Assets/Personaje/Zombie/Ch44_nonPBR.fbx using Guid(459a69de919530749af12280ef830292) Importer(815301076,1909f56bfc062723c751e8b465ee728b)  -> (artifact id: '5c1acd518e19bac8425d9851b6e62229') in 0.205588 seconds
Number of updated asset objects reloaded before import = 0
Number of asset objects unloaded after import = 149
========================================================================
Received Import Request.
  Time since last request: 11.135532 seconds.
  path: Assets/Personaje/Zombie/Materials/Ch03_1001_Diffuse.mat
  artifactKey: Guid(d45235eeaf9c30246915bb50b8ac7d22) Importer(815301076,1909f56bfc062723c751e8b465ee728b)
Start importing Assets/Personaje/Zombie/Materials/Ch03_1001_Diffuse.mat using Guid(d45235eeaf9c30246915bb50b8ac7d22) Importer(815301076,1909f56bfc062723c751e8b465ee728b)  -> (artifact id: '239467c4eb93950dbe9e6196b671660c') in 0.038025 seconds
Number of updated asset objects reloaded before import = 0
Number of asset objects unloaded after import = 1
========================================================================
Received Import Request.
  Time since last request: 0.000028 seconds.
  path: Assets/Personaje/Zombie/Materials/prisoner_diffuse.mat
  artifactKey: Guid(754121d614277bc45a60f2911729e955) Importer(815301076,1909f56bfc062723c751e8b465ee728b)
Start importing Assets/Personaje/Zombie/Materials/prisoner_diffuse.mat using Guid(754121d614277bc45a60f2911729e955) Importer(815301076,1909f56bfc062723c751e8b465ee728b)  -> (artifact id: 'e24321105df44ca2e0252cd83ba4bda0') in 0.019489 seconds
Number of updated asset objects reloaded before import = 0
Number of asset objects unloaded after import = 1
========================================================================
Received Import Request.
  Time since last request: 0.000017 seconds.
  path: Assets/Personaje/Zombie/Materials/Ch46_1001_Diffuse.mat
  artifactKey: Guid(bdaa62bac320dd043b20ef4e3b6ec802) Importer(815301076,1909f56bfc062723c751e8b465ee728b)
Start importing Assets/Personaje/Zombie/Materials/Ch46_1001_Diffuse.mat using Guid(bdaa62bac320dd043b20ef4e3b6ec802) Importer(815301076,1909f56bfc062723c751e8b465ee728b)  -> (artifact id: '2719471085956b07ca20c36eeaf628d0') in 0.020140 seconds
Number of updated asset objects reloaded before import = 0
Number of asset objects unloaded after import = 1
========================================================================
Received Import Request.
  Time since last request: 0.000021 seconds.
  path: Assets/Personaje/Zombie/Materials/Ch44_1001_Diffuse.mat
  artifactKey: Guid(a4902fb6f9759b14b9bd57f8fc317184) Importer(815301076,1909f56bfc062723c751e8b465ee728b)
Start importing Assets/Personaje/Zombie/Materials/Ch44_1001_Diffuse.mat using Guid(a4902fb6f9759b14b9bd57f8fc317184) Importer(815301076,1909f56bfc062723c751e8b465ee728b)  -> (artifact id: '8982d8bacb67b652b7d52c5efa557012') in 0.025824 seconds
Number of updated asset objects reloaded before import = 0
Number of asset objects unloaded after import = 4
========================================================================
Received Import Request.
  Time since last request: 0.000021 seconds.
  path: Assets/Personaje/Zombie/Materials/Ch44_1002_Diffuse.mat
  artifactKey: Guid(fbd7a4123f30a304086f8eabc75deef6) Importer(815301076,1909f56bfc062723c751e8b465ee728b)
Start importing Assets/Personaje/Zombie/Materials/Ch44_1002_Diffuse.mat using Guid(fbd7a4123f30a304086f8eabc75deef6) Importer(815301076,1909f56bfc062723c751e8b465ee728b)  -> (artifact id: 'fa1140f6b9a9c80779c3afdcde1dff0b') in 0.028799 seconds
Number of updated asset objects reloaded before import = 0
Number of asset objects unloaded after import = 4
========================================================================
Received Import Request.
  Time since last request: 0.000018 seconds.
  path: Assets/Personaje/Zombie/Materials/Ch10_1002_Diffuse.mat
  artifactKey: Guid(c47d0116c042d934a97f3adcf24593e4) Importer(815301076,1909f56bfc062723c751e8b465ee728b)
Start importing Assets/Personaje/Zombie/Materials/Ch10_1002_Diffuse.mat using Guid(c47d0116c042d934a97f3adcf24593e4) Importer(815301076,1909f56bfc062723c751e8b465ee728b)  -> (artifact id: '7abb3caff4684e4d180b4d189f7ac491') in 0.017836 seconds
Number of updated asset objects reloaded before import = 0
Number of asset objects unloaded after import = 1
========================================================================
Received Import Request.
  Time since last request: 52.090906 seconds.
  path: Assets/Personaje/Zombie/Ch44_nonPBR.fbm
  artifactKey: Guid(8317264197282fd438cda0e60cc1a146) Importer(815301076,1909f56bfc062723c751e8b465ee728b)
Start importing Assets/Personaje/Zombie/Ch44_nonPBR.fbm using Guid(8317264197282fd438cda0e60cc1a146) Importer(815301076,1909f56bfc062723c751e8b465ee728b)  -> (artifact id: '4bd918659cfb86e6fa3e092d33a117bb') in 0.000516 seconds
Number of updated asset objects reloaded before import = 0
Number of asset objects unloaded after import = 0
========================================================================
Received Import Request.
  Time since last request: 0.059956 seconds.
  path: Assets/Personaje/Zombie/Ch44_nonPBR.fbm/Ch44_1001_Diffuse.png
  artifactKey: Guid(e42fe44e9cd9c0a45b60a230d850b58e) Importer(815301076,1909f56bfc062723c751e8b465ee728b)
Start importing Assets/Personaje/Zombie/Ch44_nonPBR.fbm/Ch44_1001_Diffuse.png using Guid(e42fe44e9cd9c0a45b60a230d850b58e) Importer(815301076,1909f56bfc062723c751e8b465ee728b)  -> (artifact id: '403e764fea349ad5232e29a723685075') in 0.039416 seconds
Number of updated asset objects reloaded before import = 0
Number of asset objects unloaded after import = 2
========================================================================
Received Import Request.
  Time since last request: 0.000029 seconds.
  path: Assets/Personaje/Zombie/Ch44_nonPBR.fbm/Ch44_1002_Emissive.png
  artifactKey: Guid(f8b9a5620c8c3c94aabf83ef49d1a4c1) Importer(815301076,1909f56bfc062723c751e8b465ee728b)
Start importing Assets/Personaje/Zombie/Ch44_nonPBR.fbm/Ch44_1002_Emissive.png using Guid(f8b9a5620c8c3c94aabf83ef49d1a4c1) Importer(815301076,1909f56bfc062723c751e8b465ee728b)  -> (artifact id: 'bccbd971a484644cb07d5a97c936d423') in 0.037986 seconds
Number of updated asset objects reloaded before import = 0
Number of asset objects unloaded after import = 2
========================================================================
Received Import Request.
  Time since last request: 0.000020 seconds.
  path: Assets/Personaje/Zombie/Ch44_nonPBR.fbm/Ch44_1001_Specular.png
  artifactKey: Guid(45c1bc9f4d185be41917288bde534171) Importer(815301076,1909f56bfc062723c751e8b465ee728b)
Start importing Assets/Personaje/Zombie/Ch44_nonPBR.fbm/Ch44_1001_Specular.png using Guid(45c1bc9f4d185be41917288bde534171) Importer(815301076,1909f56bfc062723c751e8b465ee728b)  -> (artifact id: '937db770d53ac121a40bfa9d5d588024') in 0.034270 seconds
Number of updated asset objects reloaded before import = 0
Number of asset objects unloaded after import = 2
========================================================================
Received Import Request.
  Time since last request: 0.000102 seconds.
  path: Assets/Personaje/Zombie/Ch44_nonPBR.fbm/Ch44_1001_Glossiness.png
  artifactKey: Guid(1267d0d46b04d7b4bbc4578311847761) Importer(815301076,1909f56bfc062723c751e8b465ee728b)
Start importing Assets/Personaje/Zombie/Ch44_nonPBR.fbm/Ch44_1001_Glossiness.png using Guid(1267d0d46b04d7b4bbc4578311847761) Importer(815301076,1909f56bfc062723c751e8b465ee728b)  -> (artifact id: 'a59f552c9bdf41f294bade83e1fcdb5b') in 0.034198 seconds
Number of updated asset objects reloaded before import = 0
Number of asset objects unloaded after import = 2
========================================================================
Received Import Request.
  Time since last request: 0.000016 seconds.
  path: Assets/Personaje/Zombie/Ch44_nonPBR.fbm/Ch44_1002_Diffuse.png
  artifactKey: Guid(21148226b689ce74f9438c133003024c) Importer(815301076,1909f56bfc062723c751e8b465ee728b)
Start importing Assets/Personaje/Zombie/Ch44_nonPBR.fbm/Ch44_1002_Diffuse.png using Guid(21148226b689ce74f9438c133003024c) Importer(815301076,1909f56bfc062723c751e8b465ee728b)  -> (artifact id: 'cce15a807839fdebcd77497cd01ef5b3') in 0.039714 seconds
Number of updated asset objects reloaded before import = 0
Number of asset objects unloaded after import = 2
========================================================================
Received Import Request.
  Time since last request: 5.320963 seconds.
  path: Assets/Personaje/Cj/Ch06_nonPBR.fbm
  artifactKey: Guid(af58558525afdae4882d8b7fe4087fce) Importer(815301076,1909f56bfc062723c751e8b465ee728b)
Start importing Assets/Personaje/Cj/Ch06_nonPBR.fbm using Guid(af58558525afdae4882d8b7fe4087fce) Importer(815301076,1909f56bfc062723c751e8b465ee728b)  -> (artifact id: '5f1cae102a23731ea41a80427898c165') in 0.000581 seconds
Number of updated asset objects reloaded before import = 0
Number of asset objects unloaded after import = 0
========================================================================
Received Import Request.
  Time since last request: 0.057760 seconds.
  path: Assets/Personaje/Cj/Ch06_nonPBR.fbm/Ch06_1001_Glossiness.png
  artifactKey: Guid(07497ecc8ebd7ef4d98310d3a1aa25db) Importer(815301076,1909f56bfc062723c751e8b465ee728b)
Start importing Assets/Personaje/Cj/Ch06_nonPBR.fbm/Ch06_1001_Glossiness.png using Guid(07497ecc8ebd7ef4d98310d3a1aa25db) Importer(815301076,1909f56bfc062723c751e8b465ee728b)  -> (artifact id: 'a283b2c9bdf59283ea28d8741d4a01b3') in 0.044239 seconds
Number of updated asset objects reloaded before import = 0
Number of asset objects unloaded after import = 2
========================================================================
Received Import Request.
  Time since last request: 0.000100 seconds.
  path: Assets/Personaje/Cj/Ch06_nonPBR.fbm/Ch06_1002_Specular.png
  artifactKey: Guid(48ec74c5bb72b0b409d74f077f7e820d) Importer(815301076,1909f56bfc062723c751e8b465ee728b)
Start importing Assets/Personaje/Cj/Ch06_nonPBR.fbm/Ch06_1002_Specular.png using Guid(48ec74c5bb72b0b409d74f077f7e820d) Importer(815301076,1909f56bfc062723c751e8b465ee728b)  -> (artifact id: 'a7884fe63ea3755818fa7393bbe1df5e') in 0.035938 seconds
Number of updated asset objects reloaded before import = 0
Number of asset objects unloaded after import = 2
========================================================================
Received Import Request.
  Time since last request: 12.441271 seconds.
  path: Assets/Prefab/Zombie.prefab
  artifactKey: Guid(da1acf59c8259a740b79358ec5198424) Importer(815301076,1909f56bfc062723c751e8b465ee728b)
Start importing Assets/Prefab/Zombie.prefab using Guid(da1acf59c8259a740b79358ec5198424) Importer(815301076,1909f56bfc062723c751e8b465ee728b)  -> (artifact id: '2838db0ab1e21f7fe11de9cd4c5c11ce') in 0.051902 seconds
Number of updated asset objects reloaded before import = 0
Number of asset objects unloaded after import = 306
